2025-10-04 08:39:21, MOVE, v:1, k:toalha, mode:PICK
2025-10-04 08:39:25, MOVE, v:1, k:toalha, mode:BACK
2025-10-04 08:39:26, MOVE, v:1, k:toalha, mode:PICK
2025-10-04 08:39:27, EXEC, v:1, k:toalha, mode:FREE, size:41
2025-10-04 09:16:26, MOVE, v:1, k:toalha, mode:PICK
2025-10-04 09:16:27, EXEC, v:1, k:toalha, mode:LOCK, rate:0, size:43
2025-10-04 09:16:35, MOVE, v:1, k:toalha, mode:BACK
2025-10-04 09:16:36, MOVE, v:1, k:toalha, mode:PICK
2025-10-04 09:16:38, EXEC, v:1, k:toalha, mode:LOCK, rate:0
2025-10-04 09:18:01, EXEC, v:1, k:toalha, mode:FREE, size:50
2025-10-04 11:06:33, MOVE, v:1, k:enxugar, mode:PICK
2025-10-04 11:06:37, MOVE, v:1, k:enxugar, mode:BACK
2025-10-04 11:06:53, MOVE, v:1, k:enxugar, mode:PICK
2025-10-04 11:06:57, EXEC, v:1, k:enxugar, mode:FREE, size:52
2025-10-04 11:16:28, EXEC, v:1, k:enxugar, mode:FULL, rate:0, size:52
2025-10-04 11:16:41, EXEC, v:1, k:enxugar, mode:FULL, rate:0
2025-10-04 11:16:42, EXEC, v:1, k:enxugar, mode:FULL, rate:0
2025-10-04 11:16:42, EXEC, v:1, k:enxugar, mode:FREE
2025-10-04 11:19:11, EXEC, v:1, k:enxugar, mode:FULL, rate:0, size:52
2025-10-04 11:21:50, EXEC, v:1, k:enxugar, mode:FULL, rate:0, size:52
2025-10-04 11:21:53, EXEC, v:1, k:enxugar, mode:FREE
2025-10-04 11:33:39, MOVE, v:1, k:enxugar, mode:BACK
2025-10-04 11:38:20, MOVE, v:1, k:enxugar, mode:PICK
2025-10-04 11:38:22, EXEC, v:1, k:enxugar, mode:FULL, rate:0, size:53
2025-10-04 11:38:25, EXEC, v:1, k:enxugar, mode:FREE
2025-10-04 11:40:42, EXEC, v:1, k:enxugar, mode:FREE, size:54
2025-10-04 11:42:18, EXEC, v:1, k:enxugar, mode:FREE, size:54
2025-10-04 12:05:56, MOVE, v:1, k:enxugar, mode:BACK
2025-10-04 12:06:33, MOVE, v:1, k:enxugar, mode:PICK
2025-10-04 12:06:35, EXEC, v:1, k:enxugar, mode:FREE, size:53
2025-10-04 12:20:46, EXEC, v:1, k:enxugar, mode:FREE, size:53
2025-10-04 12:22:21, MOVE, v:1, k:enxugar, mode:BACK
2025-10-04 12:22:31, MOVE, v:1, k:enxugar, mode:PICK
2025-10-04 12:22:35, EXEC, v:1, k:enxugar, mode:FULL, rate:0
2025-10-04 12:22:52, EXEC, v:1, k:enxugar, mode:FULL, rate:0
2025-10-04 12:22:52, EXEC, v:1, k:enxugar, mode:FREE
2025-10-04 12:23:08, EXEC, v:1, k:enxugar, mode:FULL, rate:0
2025-10-04 12:23:32, EXEC, v:1, k:enxugar, mode:FREE, size:53
2025-10-04 12:23:47, EXEC, v:1, k:enxugar, mode:FULL, rate:0
2025-10-04 12:25:54, EXEC, v:1, k:enxugar, mode:FREE, size:53
2025-10-04 12:38:43, EXEC, v:1, k:enxugar, mode:FULL, rate:20, size:53
2025-10-04 12:42:35, EXEC, v:1, k:enxugar, mode:FULL, rate:0, size:54
2025-10-04 12:42:57, EXEC, v:1, k:enxugar, mode:FULL, rate:20, size:53
2025-10-04 12:44:20, MOVE, v:1, k:enxugar, mode:PICK
2025-10-04 12:44:22, EXEC, v:1, k:enxugar, mode:FREE
2025-10-04 12:44:41, EXEC, v:1, k:enxugar, mode:FREE
2025-10-04 12:45:10, EXEC, v:1, k:enxugar, mode:FREE
2025-10-04 12:45:18, EXEC, v:1, k:enxugar, mode:FULL, rate:20
2025-10-04 12:46:58, EXEC, v:1, k:enxugar, mode:FREE
2025-10-04 12:52:42, MOVE, v:1, k:enxugar, mode:BACK
2025-10-04 12:52:49, MOVE, v:1, k:enxugar, mode:PICK
2025-10-04 12:52:52, EXEC, v:1, k:enxugar, mode:FULL, rate:20, size:55
2025-10-04 12:55:26, EXEC, v:1, k:enxugar, mode:FREE, size:56
2025-10-04 13:01:56, EXEC, v:1, k:enxugar, mode:FREE, size:55
2025-10-04 13:02:39, EXEC, v:1, k:enxugar, mode:FULL, rate:30
2025-10-04 13:05:03, EXEC, v:1, k:enxugar, mode:FULL, rate:30, size:55
2025-10-04 13:05:13, EXEC, v:1, k:enxugar, mode:FREE
2025-10-04 13:08:45, EXEC, v:1, k:enxugar, mode:FULL, rate:30, size:56
2025-10-04 13:08:50, EXEC, v:1, k:enxugar, mode:FREE
2025-10-04 13:25:56, EXEC, v:1, k:enxugar, mode:FREE, size:58
2025-10-04 13:29:18, EXEC, v:1, k:enxugar, mode:FREE, size:58
2025-10-04 13:32:54, MOVE, v:1, k:enxugar, mode:BACK
2025-10-04 13:37:30, MOVE, v:1, k:enxugar, mode:PICK
2025-10-04 13:37:34, EXEC, v:1, k:enxugar, mode:FULL, rate:50, size:58
2025-10-04 13:37:42, EXEC, v:1, k:enxugar, mode:FULL, rate:50
2025-10-04 13:38:20, EXEC, v:1, k:enxugar, mode:FULL, rate:50
2025-10-04 13:38:20, EXEC, v:1, k:enxugar, mode:FREE
2025-10-04 13:39:24, EXEC, v:1, k:enxugar, mode:FULL, rate:50
2025-10-04 13:40:05, EXEC, v:1, k:enxugar, mode:FULL, rate:50
2025-10-04 13:40:22, MOVE, v:1, k:enxugar, mode:BACK
2025-10-04 13:40:22, MOVE, v:1, k:enxugar, mode:PICK
2025-10-04 13:40:23, MOVE, v:1, k:enxugar, mode:BACK
2025-10-04 13:40:30, MOVE, v:1, k:enxugar, mode:PICK
2025-10-04 13:40:34, EXEC, v:1, k:enxugar, mode:FULL, rate:50
2025-10-04 13:40:37, EXEC, v:1, k:enxugar, mode:FREE
2025-10-04 13:41:41, EXEC, v:1, k:enxugar, mode:FULL, rate:50
2025-10-04 13:46:27, EXEC, v:1, k:enxugar, mode:FULL, rate:50, size:57
2025-10-04 13:48:06, EXEC, v:1, k:enxugar, mode:FULL, rate:50
2025-10-04 13:48:06, EXEC, v:1, k:enxugar, mode:FREE
2025-10-04 14:01:28, EXEC, v:1, k:enxugar, mode:FREE, size:57
2025-10-04 14:04:20, EXEC, v:1, k:enxugar, mode:FULL, rate:50
2025-10-04 14:04:47, MOVE, v:1, k:enxugar, mode:BACK
2025-10-04 14:06:29, MOVE, v:1, k:enxugar, mode:PICK
2025-10-04 14:06:32, EXEC, v:1, k:enxugar, mode:FULL, rate:50
2025-10-04 14:07:11, EXEC, v:1, k:enxugar, mode:FREE, size:57
2025-10-04 14:24:16, EXEC, v:1, k:enxugar, mode:FULL, rate:50, size:57
2025-10-04 14:29:17, MOVE, v:1, k:enxugar, mode:BACK
2025-10-04 14:32:41, MOVE, v:1, k:animal, mode:PICK
2025-10-04 14:32:44, EXEC, v:1, k:animal, mode:FULL, rate:0, size:2
2025-10-04 15:26:28, MOVE, v:1, k:animal, mode:BACK
2025-10-04 15:26:57, MOVE, v:1, k:animal, mode:PICK
2025-10-04 15:26:59, EXEC, v:1, k:animal, mode:FULL, rate:0, size:25
2025-10-04 15:27:00, EXEC, v:1, k:animal, mode:FULL, rate:0
2025-10-04 15:36:18, MOVE, v:1, k:animal, mode:BACK
2025-10-04 15:37:10, MOVE, v:1, k:animal, mode:PICK
2025-10-04 15:37:11, EXEC, v:1, k:animal, mode:FULL, rate:0, size:31
2025-10-04 15:37:13, EXEC, v:1, k:animal, mode:FULL, rate:0
2025-10-04 15:38:39, EXEC, v:1, k:animal, mode:FREE, size:33
2025-10-04 15:39:26, EXEC, v:1, k:animal, mode:FULL, rate:0
2025-10-04 15:39:37, MOVE, v:1, k:animal, mode:BACK
2025-10-04 15:41:01, MOVE, v:1, k:animal, mode:PICK
2025-10-04 15:41:04, EXEC, v:1, k:animal, mode:FULL, rate:0, size:23
2025-10-04 15:41:04, EXEC, v:1, k:animal, mode:FREE
2025-10-04 15:41:54, MOVE, v:1, k:animal, mode:BACK
2025-10-04 15:42:37, MOVE, v:1, k:animal, mode:PICK
2025-10-04 16:23:05, EXEC, v:1, k:animal, mode:FREE, size:28
2025-10-04 16:23:14, MOVE, v:1, k:animal, mode:BACK
2025-10-04 16:23:19, MOVE, v:1, k:enxugar, mode:PICK
2025-10-04 16:23:33, EXEC, v:1, k:enxugar, mode:FULL, rate:50
2025-10-04 16:27:34, EXEC, v:1, k:enxugar, mode:FREE
2025-10-04 16:28:34, EXEC, v:1, k:enxugar, mode:FREE
2025-10-04 16:32:40, EXEC, v:1, k:enxugar, mode:FREE, size:58
2025-10-04 16:37:39, EXEC, v:1, k:enxugar, mode:FREE, size:58
2025-10-04 16:51:44, EXEC, v:1, k:enxugar, mode:FULL, rate:50, size:57
2025-10-04 16:53:10, EXEC, v:1, k:enxugar, mode:FREE, size:57
2025-10-04 16:54:24, EXEC, v:1, k:enxugar, mode:FULL, rate:50
2025-10-04 16:54:48, EXEC, v:1, k:enxugar, mode:FULL, rate:50
2025-10-04 16:54:52, MOVE, v:1, k:enxugar, mode:BACK
2025-10-04 16:56:14, MOVE, v:1, k:enxugar, mode:PICK
2025-10-04 16:56:17, EXEC, v:1, k:enxugar, mode:FULL, rate:50
2025-10-04 17:01:45, EXEC, v:1, k:enxugar, mode:FREE, size:57
2025-10-04 17:05:43, EXEC, v:1, k:enxugar, mode:FULL, rate:50, size:57
2025-10-04 17:17:44, EXEC, v:1, k:enxugar, mode:FULL, rate:0, size:58
2025-10-04 17:17:45, EXEC, v:1, k:enxugar, mode:FULL, rate:0
2025-10-04 17:18:09, EXEC, v:1, k:enxugar, mode:FREE
2025-10-04 17:20:46, EXEC, v:1, k:enxugar, mode:FULL, rate:50, size:58
2025-10-04 17:23:31, EXEC, v:1, k:enxugar, mode:FULL, rate:40, size:59
2025-10-04 17:23:36, EXEC, v:1, k:enxugar, mode:FREE
2025-10-04 17:24:37, EXEC, v:1, k:enxugar, mode:FULL, rate:40
2025-10-04 17:24:47, EXEC, v:1, k:enxugar, mode:FREE
2025-10-04 17:26:56, EXEC, v:1, k:enxugar, mode:FREE
2025-10-04 17:27:08, EXEC, v:1, k:enxugar, mode:FULL, rate:40
2025-10-04 17:27:25, MOVE, v:1, k:enxugar, mode:BACK
2025-10-04 17:28:18, MOVE, v:1, k:enxugar, mode:PICK
2025-10-04 17:28:21, EXEC, v:1, k:enxugar, mode:FULL, rate:40
2025-10-04 17:29:03, EXEC, v:1, k:enxugar, mode:FREE
2025-10-04 17:40:52, EXEC, v:1, k:enxugar, mode:FREE, size:59
2025-10-04 17:43:28, EXEC, v:1, k:enxugar, mode:FULL, rate:100, size:59
2025-10-04 17:44:24, MOVE, v:1, k:enxugar, mode:BACK
2025-10-04 17:52:15, MOVE, v:1, k:animal, mode:PICK
2025-10-04 17:52:24, MOVE, v:1, k:animal, mode:BACK
2025-10-04 17:57:36, SELF, v:1, k:enxugar, rate:100, human:sim_minhas_colegas_me_ajudaram_a_resolver_um_problema_q_demorei_duas_horas_procurando, guide:sim_assisti_a_video_aula_ensinando_e_ainda_consegui_errar, alone:6, study:420
2025-10-04 17:58:04, MOVE, v:1, k:carro, mode:DOWN
2025-10-04 17:58:27, MOVE, v:1, k:calculadora, mode:DOWN
2025-10-04 18:00:41, MOVE, v:1, k:calculadora, mode:PICK
2025-10-04 18:00:43, EXEC, v:1, k:calculadora, mode:FULL, rate:0, size:2
2025-10-04 18:00:44, EXEC, v:1, k:calculadora, mode:FULL, rate:0
2025-10-04 18:00:47, EXEC, v:1, k:calculadora, mode:FREE
2025-10-04 18:00:58, MOVE, v:1, k:calculadora, mode:BACK
2025-10-04 18:01:06, MOVE, v:1, k:carro, mode:PICK
2025-10-04 18:01:07, EXEC, v:1, k:carro, mode:FULL, rate:0, size:1
2025-10-04 18:01:08, EXEC, v:1, k:carro, mode:FULL, rate:0
2025-10-04 18:01:09, EXEC, v:1, k:carro, mode:FREE
2025-10-04 18:08:59, MOVE, v:1, k:carro, mode:PICK
2025-10-04 18:09:10, EXEC, v:1, k:carro, mode:FULL, rate:0, size:2
2025-10-04 18:09:11, EXEC, v:1, k:carro, mode:FULL, rate:0
2025-10-04 18:09:14, EXEC, v:1, k:carro, mode:FREE
2025-10-04 18:22:59, MOVE, v:1, k:carro, mode:BACK
2025-10-04 19:01:22, MOVE, v:1, k:animal, mode:PICK
2025-10-04 19:01:24, EXEC, v:1, k:animal, mode:FULL, rate:0
2025-10-04 19:07:27, MOVE, v:1, k:animal, mode:BACK
2025-10-04 19:11:18, MOVE, v:1, k:calculadora, mode:PICK
2025-10-04 19:11:19, EXEC, v:1, k:calculadora, mode:FULL, rate:0, size:2
2025-10-04 19:11:21, EXEC, v:1, k:calculadora, mode:FREE
2025-10-04 19:17:07, MOVE, v:1, k:calculadora, mode:BACK
2025-10-04 19:17:23, MOVE, v:1, k:calculadora, mode:DOWN
2025-10-04 19:18:13, MOVE, v:1, k:calculadora, mode:PICK
2025-10-04 19:18:13, EXEC, v:1, k:calculadora, mode:FULL, rate:0, size:1
2025-10-04 19:18:15, EXEC, v:1, k:calculadora, mode:FULL, rate:0
2025-10-04 19:18:17, EXEC, v:1, k:calculadora, mode:FULL, rate:0
2025-10-04 19:18:18, EXEC, v:1, k:calculadora, mode:FULL, rate:0
2025-10-04 19:18:19, EXEC, v:1, k:calculadora, mode:FREE
2025-10-04 19:20:50, MOVE, v:1, k:calculadora, mode:BACK
2025-10-04 19:21:45, MOVE, v:1, k:carro, mode:PICK
2025-10-04 19:21:46, EXEC, v:1, k:carro, mode:FULL, rate:0
2025-10-04 19:31:42, MOVE, v:1, k:animal, mode:PICK
2025-10-04 19:31:44, EXEC, v:1, k:animal, mode:FULL, rate:0, size:33
2025-10-04 19:31:45, EXEC, v:1, k:animal, mode:FULL, rate:0
2025-10-04 19:31:47, EXEC, v:1, k:animal, mode:FREE
2025-10-04 19:36:43, EXEC, v:1, k:animal, mode:FREE, size:39
2025-10-04 19:41:15, EXEC, v:1, k:animal, mode:FREE, size:28
2025-10-04 19:56:51, EXEC, v:1, k:animal, mode:FREE, size:51
2025-10-04 20:01:08, EXEC, v:1, k:animal, mode:FREE, size:48
2025-10-04 20:02:37, MOVE, v:1, k:animal, mode:BACK
2025-10-04 20:09:34, MOVE, v:1, k:animal, mode:PICK
2025-10-04 20:09:36, EXEC, v:1, k:animal, mode:FULL, rate:0, size:53
2025-10-04 20:11:28, EXEC, v:1, k:animal, mode:FREE, size:53
2025-10-04 20:13:21, EXEC, v:1, k:animal, mode:FREE
2025-10-04 20:22:02, EXEC, v:1, k:animal, mode:FULL, rate:25, size:51
2025-10-04 20:22:21, EXEC, v:1, k:animal, mode:FULL, rate:25, size:51
2025-10-04 20:23:14, EXEC, v:1, k:animal, mode:FREE
2025-10-04 20:26:02, MOVE, v:1, k:animal, mode:BACK
2025-10-04 20:31:18, MOVE, v:1, k:animal, mode:PICK
2025-10-04 20:31:20, EXEC, v:1, k:animal, mode:FULL, rate:25, size:51
2025-10-04 20:31:23, EXEC, v:1, k:animal, mode:FULL, rate:25
2025-10-04 20:38:35, MOVE, v:1, k:animal, mode:BACK
2025-10-04 20:38:40, MOVE, v:1, k:animal, mode:PICK
2025-10-04 20:38:42, EXEC, v:1, k:animal, mode:FULL, rate:50, size:51
2025-10-04 20:39:40, MOVE, v:1, k:animal, mode:BACK
2025-10-04 20:40:16, MOVE, v:1, k:enxugar, mode:PICK
2025-10-04 20:40:19, MOVE, v:1, k:enxugar, mode:BACK
2025-10-04 20:42:31, MOVE, v:1, k:animal, mode:PICK
2025-10-04 20:42:33, EXEC, v:1, k:animal, mode:FULL, rate:50
2025-10-04 20:44:00, EXEC, v:1, k:animal, mode:FULL, rate:50, size:51
2025-10-04 20:44:07, EXEC, v:1, k:animal, mode:FULL, rate:50
2025-10-04 20:55:21, EXEC, v:1, k:animal, mode:FULL, rate:100, size:51
2025-10-04 20:57:09, MOVE, v:1, k:animal, mode:BACK
2025-10-04 21:07:12, SELF, v:1, k:animal, rate:100, human:minha_irma_faz_cc_me_ajudou_fazendo_em_outra_linguagem, iagen:pedia_pro_gpt_mostrar_oq_tava_errado_quando_nao_dava_certo, alone:8, study:160
2025-10-04 21:08:11, MOVE, v:1, k:animal, mode:PICK
2025-10-04 21:08:12, EXEC, v:1, k:animal, mode:FULL, rate:100
2025-10-04 21:08:12, EXEC, v:1, k:animal, mode:FULL, rate:100
2025-10-04 21:08:13, EXEC, v:1, k:animal, mode:FULL, rate:100
2025-10-04 21:08:14, EXEC, v:1, k:animal, mode:FULL, rate:100
2025-10-04 21:08:14, EXEC, v:1, k:animal, mode:FULL, rate:100
2025-10-04 21:08:15, EXEC, v:1, k:animal, mode:FULL, rate:100
2025-10-04 21:08:16, EXEC, v:1, k:animal, mode:FULL, rate:100
2025-10-04 21:08:16, EXEC, v:1, k:animal, mode:FULL, rate:100
2025-10-04 21:08:17, EXEC, v:1, k:animal, mode:FULL, rate:100
2025-10-04 21:08:18, EXEC, v:1, k:animal, mode:FULL, rate:100
2025-10-04 21:08:18, EXEC, v:1, k:animal, mode:FULL, rate:100
2025-10-04 21:08:19, EXEC, v:1, k:animal, mode:FULL, rate:100
2025-10-04 21:08:20, EXEC, v:1, k:animal, mode:FULL, rate:100
2025-10-04 21:08:20, EXEC, v:1, k:animal, mode:FULL, rate:100
2025-10-04 21:08:21, EXEC, v:1, k:animal, mode:FULL, rate:100
2025-10-04 21:08:22, EXEC, v:1, k:animal, mode:FULL, rate:100
2025-10-04 21:08:22, EXEC, v:1, k:animal, mode:FULL, rate:100
2025-10-04 21:08:23, EXEC, v:1, k:animal, mode:FULL, rate:100
2025-10-04 21:08:23, EXEC, v:1, k:animal, mode:FULL, rate:100
2025-10-04 21:08:24, EXEC, v:1, k:animal, mode:FULL, rate:100
2025-10-04 21:08:25, EXEC, v:1, k:animal, mode:FULL, rate:100
2025-10-04 21:08:44, MOVE, v:1, k:carro, mode:PICK
2025-10-04 21:08:46, EXEC, v:1, k:carro, mode:FULL, rate:0, size:9
2025-10-04 21:19:01, EXEC, v:1, k:carro, mode:FREE, size:9
2025-10-04 21:31:34, EXEC, v:1, k:carro, mode:FREE, size:19
2025-10-04 21:31:54, MOVE, v:1, k:carro, mode:BACK
2025-10-04 21:32:10, MOVE, v:1, k:carro, mode:PICK
2025-10-04 21:32:12, EXEC, v:1, k:carro, mode:FULL, rate:0
2025-10-04 21:32:54, EXEC, v:1, k:carro, mode:FREE
2025-10-04 21:35:49, EXEC, v:1, k:carro, mode:FULL, rate:0, size:20
2025-10-04 21:35:54, MOVE, v:1, k:carro, mode:BACK
2025-10-04 21:35:58, MOVE, v:1, k:carro, mode:PICK
2025-10-04 21:36:01, EXEC, v:1, k:carro, mode:FULL, rate:0
2025-10-04 21:36:07, EXEC, v:1, k:carro, mode:FULL, rate:0
2025-10-04 21:36:07, EXEC, v:1, k:carro, mode:FREE
2025-10-04 21:36:28, EXEC, v:1, k:carro, mode:FULL, rate:0
2025-10-04 21:37:15, EXEC, v:1, k:carro, mode:FULL, rate:0, size:20
2025-10-04 21:37:17, EXEC, v:1, k:carro, mode:FREE
2025-10-04 21:38:57, EXEC, v:1, k:carro, mode:FULL, rate:0, size:20
2025-10-04 21:41:05, EXEC, v:1, k:carro, mode:FULL, rate:0, size:20
2025-10-04 21:41:21, EXEC, v:1, k:carro, mode:FULL, rate:0, size:20
2025-10-04 21:41:44, EXEC, v:1, k:carro, mode:FULL, rate:0, size:20
2025-10-04 21:42:08, EXEC, v:1, k:carro, mode:FULL, rate:10, size:20
2025-10-04 21:42:27, MOVE, v:1, k:carro, mode:BACK
2025-10-04 23:18:36, MOVE, v:1, k:carro, mode:PICK
2025-10-04 23:18:40, EXEC, v:1, k:carro, mode:FULL, rate:50, size:37
2025-10-04 23:18:49, EXEC, v:1, k:carro, mode:FULL, rate:50
2025-10-04 23:18:56, MOVE, v:1, k:carro, mode:BACK
2025-10-04 23:19:09, MOVE, v:1, k:carro, mode:PICK
2025-10-04 23:19:13, EXEC, v:1, k:carro, mode:FULL, rate:50
2025-10-04 23:19:26, EXEC, v:1, k:carro, mode:FULL, rate:50
2025-10-04 23:19:26, EXEC, v:1, k:carro, mode:FREE
2025-10-04 23:23:49, EXEC, v:1, k:carro, mode:FREE
2025-10-04 23:58:34, EXEC, v:1, k:carro, mode:FREE, size:60
2025-10-04 23:58:44, EXEC, v:1, k:carro, mode:FULL, rate:0
2025-10-04 23:59:08, EXEC, v:1, k:carro, mode:FULL, rate:0
2025-10-04 23:59:17, EXEC, v:1, k:carro, mode:FULL, rate:0
2025-10-04 23:59:17, EXEC, v:1, k:carro, mode:FREE
